{"airspeed":0,"altitude":103.83389641455220,"pitch":-0.5570780485868454,"bank":0,"heading":189.57803377881646,"verticalSpeed":0,"turnRate":0,"turnCoordinatorBall":0,"rpm":0}
{"airspeed":0,"altitude":103.83389641455220,"pitch":-0.5570780485868454,"bank":0,"heading":189.57803377881646,"verticalSpeed":0,"turnRate":0,"turnCoordinatorBall":0,"rpm":0}
{"airspeed":61.84375,"altitude":1040,"pitch":0.048390068113803864,"bank":0.002538878470659256,"heading":98,"verticalSpeed":0.768946875,"turnRate":0,"turnCoordinatorBall":0,"rpm":2749.893152256181}
{"airspeed":62.375,"altitude":1040,"pitch":0.05438178777694702,"bank":0.013166293501853943,"heading":98,"verticalSpeed":0.768946875,"turnRate":0,"turnCoordinatorBall":0,"rpm":2750.2648602861914}
{"airspeed":62.984375,"altitude":1040,"pitch":0.06113039329648018,"bank":0.013284897431731224,"heading":98,"verticalSpeed":0.768946875,"turnRate":0,"turnCoordinatorBall":0,"rpm":2750.575566738457}
{"airspeed":63.5390625,"altitude":1040,"pitch":0.06725882180035114,"bank":-0.013127904385328293,"heading":98,"verticalSpeed":0.768946875,"turnRate":0,"turnCoordinatorBall":0,"rpm":2750.5371648493187}
{"airspeed":64.0625,"altitude":1040,"pitch":0.07315909489989281,"bank":-0.011248346418142319,"heading":98,"verticalSpeed":0.768946875,"turnRate":0,"turnCoordinatorBall":0,"rpm":2750.233453347315}
{"airspeed":64.609375,"altitude":1040,"pitch":0.07920345291495323,"bank":0,"heading":98,"verticalSpeed":0.768946875,"turnRate":0,"turnCoordinatorBall":0,"rpm":2749.95575550705}
{"airspeed":65.1328125,"altitude":1040,"pitch":0.08514538407325745,"bank":0.013629058375954628,"heading":98,"verticalSpeed":0.768946875,"turnRate":0,"turnCoordinatorBall":0,"rpm":2749.896441343233}
{"airspeed":65.6484375,"altitude":1040,"pitch":0.09114347398281097,"bank":0,"heading":98,"verticalSpeed":0.768946875,"turnRate":0,"turnCoordinatorBall":0,"rpm":2750.1018633390554}
{"airspeed":66.1796875,"altitude":1040,"pitch":0.09727123193442822,"bank":0,"heading":98,"verticalSpeed":0.768946875,"turnRate":0,"turnCoordinatorBall":0,"rpm":2750.375254010128}
{"airspeed":66.734375,"altitude":1040,"pitch":0.10347920469939709,"bank":0,"heading":98,"verticalSpeed":0.768946875,"turnRate":0,"turnCoordinatorBall":0,"rpm":2750.489440146577}
{"airspeed":67.25,"altitude":1040,"pitch":0.10910153388977051,"bank":0,"heading":98,"verticalSpeed":0.768946875,"turnRate":0,"turnCoordinatorBall":0,"rpm":2750.3643930007333}
{"airspeed":67.78125,"altitude":1040,"pitch":0.1145930215716362,"bank":0.013192528858780861,"heading":98,"verticalSpeed":0.768946875,"turnRate":2,"turnCoordinatorBall":0,"rpm":2750.1277830886293}
{"airspeed":68.3203125,"altitude":1040,"pitch":0.12065204791724682,"bank":0,"heading":98,"verticalSpeed":0,"turnRate":11,"turnCoordinatorBall":0,"rpm":2749.9797945716987}
{"airspeed":68.84375,"altitude":1040,"pitch":0.12727509252727032,"bank":0.02507421188056469,"heading":98,"verticalSpeed":0,"turnRate":26,"turnCoordinatorBall":253,"rpm":2750.0353986178925}
{"airspeed":69.3515625,"altitude":1040,"pitch":0.1344578806310892,"bank":0.03857645206153393,"heading":98,"verticalSpeed":0,"turnRate":47,"turnCoordinatorBall":249,"rpm":2750.223103420676}
{"airspeed":69.8671875,"altitude":1040,"pitch":0.14182490296661854,"bank":0.05801886320114136,"heading":98,"verticalSpeed":0,"turnRate":71,"turnCoordinatorBall":244,"rpm":2750.3966709297915}
{"airspeed":70.40625,"altitude":1040,"pitch":0.1490249577909708,"bank":0.08216343820095062,"heading":98,"verticalSpeed":0,"turnRate":93,"turnCoordinatorBall":239,"rpm":2750.491695404625}
{"airspeed":70.8984375,"altitude":1040,"pitch":0.15467620454728603,"bank":0.10060815140604973,"heading":99,"verticalSpeed":0,"turnRate":107,"turnCoordinatorBall":235,"rpm":2750.444802265746}
{"airspeed":71.421875,"altitude":1040,"pitch":0.15877529047429562,"bank":0.11800244450569153,"heading":99,"verticalSpeed":0,"turnRate":110,"turnCoordinatorBall":233,"rpm":2750.309918425586}
{"airspeed":71.921875,"altitude":1040,"pitch":0.16141433268785477,"bank":0.13035728596150875,"heading":99,"verticalSpeed":0,"turnRate":102,"turnCoordinatorBall":233,"rpm":2750.1944080455864}
{"airspeed":72.4375,"altitude":1040,"pitch":0.14873343519866467,"bank":0.13485761359333992,"heading":99,"verticalSpeed":0,"turnRate":88,"turnCoordinatorBall":235,"rpm":2750.19798506227}
{"airspeed":72.9140625,"altitude":1040,"pitch":-0.048137521371245384,"bank":0.12832442298531532,"heading":99,"verticalSpeed":0,"turnRate":69,"turnCoordinatorBall":239,"rpm":2750.300096580568}
{"airspeed":73.421875,"altitude":1040,"pitch":-0.4869743250310421,"bank":0.10284259915351868,"heading":99,"verticalSpeed":-1.53789375,"turnRate":50,"turnCoordinatorBall":243,"rpm":2750.400102109993}
{"airspeed":73.90625,"altitude":1040,"pitch":-0.9610064886510372,"bank":0.06298271007835865,"heading":99,"verticalSpeed":-2.306840625,"turnRate":33,"turnCoordinatorBall":248,"rpm":2750.4156177045584}
{"airspeed":74.375,"altitude":1040,"pitch":-1.2204522918909788,"bank":0.019690096378326416,"heading":99,"verticalSpeed":-1.53789375,"turnRate":18,"turnCoordinatorBall":252,"rpm":2750.3331746263634}
{"airspeed":74.8515625,"altitude":1040,"pitch":-1.2250807788223028,"bank":-0.020451173186302185,"heading":99,"verticalSpeed":-0.768946875,"turnRate":4,"turnCoordinatorBall":0,"rpm":2750.23590503253}
{"airspeed":75.3359375,"altitude":1040,"pitch":-1.1418711952865124,"bank":-0.06036772392690182,"heading":99,"verticalSpeed":0,"turnRate":-7,"turnCoordinatorBall":1,"rpm":2750.204976968026}
{"airspeed":75.8046875,"altitude":1040,"pitch":-1.0883174557238817,"bank":-0.09987540543079376,"heading":98,"verticalSpeed":0,"turnRate":-17,"turnCoordinatorBall":3,"rpm":2750.2563429741504}
{"airspeed":76.28125,"altitude":1040,"pitch":-1.1179980263113976,"bank":-0.13871697708964348,"heading":98,"verticalSpeed":0,"turnRate":-23,"turnCoordinatorBall":5,"rpm":2750.3383350175227}
{"airspeed":76.734375,"altitude":1040,"pitch":-1.2856679409742355,"bank":-0.17516777850687504,"heading":98,"verticalSpeed":0,"turnRate":-23,"turnCoordinatorBall":6,"rpm":2750.3728075419194}
{"airspeed":77.171875,"altitude":1040,"pitch":-1.7414414696395397,"bank":-0.20780682563781738,"heading":98,"verticalSpeed":-1.53789375,"turnRate":-19,"turnCoordinatorBall":5,"rpm":2750.3331622456917}
{"airspeed":77.5859375,"altitude":1040,"pitch":-2.40073649212718,"bank":-0.23790263570845127,"heading":98,"verticalSpeed":-2.306840625,"turnRate":-9,"turnCoordinatorBall":3,"rpm":2750.248681110178}
{"airspeed":77.984375,"altitude":1040,"pitch":-3.32177915610373,"bank":-0.26709060184657574,"heading":98,"verticalSpeed":1.53789375,"turnRate":5,"turnCoordinatorBall":0,"rpm":2750.1789635924415}
{"airspeed":78.328125,"altitude":1040,"pitch":-4.502512710168958,"bank":-0.29367112554609776,"heading":99,"verticalSpeed":13.072096875,"turnRate":23,"turnCoordinatorBall":254,"rpm":2750.161298368445}
{"airspeed":78.640625,"altitude":1040,"pitch":-5.613864725455642,"bank":-0.3175252676010132,"heading":99,"verticalSpeed":27.6820875,"turnRate":40,"turnCoordinatorBall":251,"rpm":2750.1837588956355}
{"airspeed":78.9296875,"altitude":1040,"pitch":-6.68058997951448,"bank":-0.34246712923049927,"heading":99,"verticalSpeed":40.754184375,"turnRate":55,"turnCoordinatorBall":248,"rpm":2750.207101429141}
{"airspeed":79.15625,"altitude":1050,"pitch":-7.7246228232979774,"bank":-0.39426972158253193,"heading":99,"verticalSpeed":49.981546875,"turnRate":68,"turnCoordinatorBall":245,"rpm":2750.19031953262}
{"airspeed":79.375,"altitude":1050,"pitch":-8.684652065858245,"bank":-0.5552045255899429,"heading":99,"verticalSpeed":63.822590625,"turnRate":79,"turnCoordinatorBall":242,"rpm":2750.1339913931956}
{"airspeed":79.6171875,"altitude":1050,"pitch":-9.429479045793414,"bank":-0.763449389487505,"heading":99,"verticalSpeed":86.890996875,"turnRate":87,"turnCoordinatorBall":240,"rpm":2750.0925592628246}
{"airspeed":79.859375,"altitude":1060,"pitch":-9.995359349995852,"bank":-0.9887759014964104,"heading":99,"verticalSpeed":121.49360625,"turnRate":92,"turnCoordinatorBall":239,"rpm":2750.1047018658523}
{"airspeed":80.109375,"altitude":1070,"pitch":-10.408438984304667,"bank":-1.226043440401554,"heading":99,"verticalSpeed":165.323578125,"turnRate":92,"turnCoordinatorBall":238,"rpm":2750.1597377105104}
{"airspeed":80.3828125,"altitude":1070,"pitch":-10.553920324891806,"bank":-1.466108774766326,"heading":99,"verticalSpeed":214.536178125,"turnRate":88,"turnCoordinatorBall":240,"rpm":2750.21296565313}
{"airspeed":80.671875,"altitude":1090,"pitch":-10.449546435847878,"bank":-1.7112012393772602,"heading":100,"verticalSpeed":266.05561875,"turnRate":77,"turnCoordinatorBall":245,"rpm":2750.2341155166005}
{"airspeed":80.96875,"altitude":1100,"pitch":-10.128100700676441,"bank":-1.94461720995605,"heading":99,"verticalSpeed":312.19243124999997,"turnRate":62,"turnCoordinatorBall":253,"rpm":2750.220935803372}
{"airspeed":81.3046875,"altitude":1110,"pitch":-9.605341935530305,"bank":-2.1822172589600086,"heading":99,"verticalSpeed":352.946615625,"turnRate":41,"turnCoordinatorBall":3,"rpm":2750.1735261608123}
{"airspeed":81.609375,"altitude":1120,"pitch":-9.027379872277379,"bank":-2.3865328542888165,"heading":99,"verticalSpeed":379.85975625,"turnRate":18,"turnCoordinatorBall":9,"rpm":2750.145913850076}
{"airspeed":81.921875,"altitude":1130,"pitch":-8.425997011363506,"bank":-2.5614571385085583,"heading":99,"verticalSpeed":392.931853125,"turnRate":-2,"turnCoordinatorBall":16,"rpm":2750.163544260281}
{"airspeed":82.2265625,"altitude":1140,"pitch":-7.931238664314151,"bank":-2.6774233672767878,"heading":99,"verticalSpeed":392.16290625,"turnRate":-18,"turnCoordinatorBall":22,"rpm":2750.2054517783986}
{"airspeed":82.5234375,"altitude":1150,"pitch":-7.607853943482041,"bank":-2.725337343290448,"heading":99,"verticalSpeed":379.090809375,"turnRate":-28,"turnCoordinatorBall":27,"rpm":2750.2296802465}
{"airspeed":82.8046875,"altitude":1160,"pitch":-7.4234977550804615,"bank":-2.7288708183914423,"heading":99,"verticalSpeed":357.560296875,"turnRate":-28,"turnCoordinatorBall":30,"rpm":2750.2156505920416}
{"airspeed":83.09375,"altitude":1170,"pitch":-7.315982915461063,"bank":-2.710272464901209,"heading":99,"verticalSpeed":330.64715625,"turnRate":-22,"turnCoordinatorBall":31,"rpm":2750.164794762774}
{"airspeed":83.390625,"altitude":1170,"pitch":-7.24334810860455,"bank":-2.6810667291283607,"heading":99,"verticalSpeed":302.96506875,"turnRate":-10,"turnCoordinatorBall":31,"rpm":2750.126093936564}
{"airspeed":83.671875,"altitude":1180,"pitch":-7.18602997250855,"bank":-2.649125475436449,"heading":99,"verticalSpeed":276.820875,"turnRate":4,"turnCoordinatorBall":29,"rpm":2750.1363438223543}
{"airspeed":83.984375,"altitude":1180,"pitch":-7.12677595205605,"bank":-2.613908490166068,"heading":99,"verticalSpeed":250.67668125,"turnRate":21,"turnCoordinatorBall":26,"rpm":2750.1901059932306}
{"airspeed":84.296875,"altitude":1190,"pitch":-7.066853474825621,"bank":-2.5798470340669155,"heading":99,"verticalSpeed":226.839328125,"turnRate":38,"turnCoordinatorBall":22,"rpm":2750.242855189642}
{"airspeed":84.6171875,"altitude":1190,"pitch":-7.005387721583247,"bank":-2.547961939126253,"heading":99,"verticalSpeed":206.846709375,"turnRate":53,"turnCoordinatorBall":18,"rpm":2750.2557913296896}
{"airspeed":84.9140625,"altitude":1200,"pitch":-6.944647673517466,"bank":-2.519534043967724,"heading":99,"verticalSpeed":189.929878125,"turnRate":67,"turnCoordinatorBall":13,"rpm":2750.224018141951}
{"airspeed":85.234375,"altitude":1200,"pitch":-6.881042020395398,"bank":-2.4924320820719004,"heading":100,"verticalSpeed":175.3198875,"turnRate":78,"turnCoordinatorBall":9,"rpm":2750.1710729492693}
{"airspeed":85.5546875,"altitude":1200,"pitch":-6.819211654365063,"bank":-2.4678234849125147,"heading":100,"verticalSpeed":162.247790625,"turnRate":87,"turnCoordinatorBall":6,"rpm":2750.146665791285}
{"airspeed":85.859375,"altitude":1210,"pitch":-6.773623153567314,"bank":-2.4465094786137342,"heading":100,"verticalSpeed":152.25148125,"turnRate":94,"turnCoordinatorBall":3,"rpm":2750.1670445151135}
{"airspeed":86.171875,"altitude":1210,"pitch":-6.757502658292651,"bank":-2.426657695323229,"heading":100,"verticalSpeed":143.02411874999999,"turnRate":99,"turnCoordinatorBall":0,"rpm":2750.2120381628342}
{"airspeed":86.484375,"altitude":1210,"pitch":-6.771818278357387,"bank":-2.398691475391388,"heading":100,"verticalSpeed":136.103596875,"turnRate":102,"turnCoordinatorBall":0,"rpm":2750.240453456086}
{"airspeed":86.7890625,"altitude":1220,"pitch":-6.805982077494264,"bank":-2.303061755374074,"heading":100,"verticalSpeed":131.489915625,"turnRate":104,"turnCoordinatorBall":0,"rpm":2750.2303379282343}
{"airspeed":87.078125,"altitude":1220,"pitch":-6.847104448825121,"bank":-2.119128266349435,"heading":100,"verticalSpeed":129.183075,"turnRate":106,"turnCoordinatorBall":254,"rpm":2750.1828154297064}
{"airspeed":87.3671875,"altitude":1220,"pitch":-6.892801411449909,"bank":-1.8598677031695843,"heading":100,"verticalSpeed":129.183075,"turnRate":106,"turnCoordinatorBall":253,"rpm":2750.1418894922226}
{"airspeed":87.65625,"altitude":1230,"pitch":-6.939813662320375,"bank":-1.5298973210155964,"heading":100,"verticalSpeed":131.489915625,"turnRate":106,"turnCoordinatorBall":251,"rpm":2750.138397032223}
{"airspeed":87.953125,"altitude":1230,"pitch":-6.9896850641816854,"bank":-1.2164511904120445,"heading":101,"verticalSpeed":136.103596875,"turnRate":104,"turnCoordinatorBall":250,"rpm":2750.168446656673}
{"airspeed":88.2109375,"altitude":1230,"pitch":-7.14290164411068,"bank":-1.023671105504036,"heading":101,"verticalSpeed":142.255171875,"turnRate":101,"turnCoordinatorBall":248,"rpm":2750.2037384916334}
{"airspeed":88.421875,"altitude":1240,"pitch":-7.646717727184296,"bank":-0.9293759521096945,"heading":101,"verticalSpeed":150.7135875,"turnRate":97,"turnCoordinatorBall":247,"rpm":2750.1934724345424}
{"airspeed":88.546875,"altitude":1240,"pitch":-8.466203827410936,"bank":-0.895019955933094,"heading":101,"verticalSpeed":163.0167375,"turnRate":96,"turnCoordinatorBall":245,"rpm":2750.115384781232}
{"airspeed":88.6015625,"altitude":1250,"pitch":-9.517030119895935,"bank":-0.8923656586557627,"heading":101,"verticalSpeed":186.08514375,"turnRate":100,"turnCoordinatorBall":243,"rpm":2750.007090067547}
{"airspeed":88.6171875,"altitude":1260,"pitch":-10.637964075431228,"bank":-0.9109825361520052,"heading":101,"verticalSpeed":225.30143437499999,"turnRate":108,"turnCoordinatorBall":240,"rpm":2749.9177547330623}
{"airspeed":88.6953125,"altitude":1270,"pitch":-11.287148762494326,"bank":-0.9412137139588594,"heading":101,"verticalSpeed":281.43455625,"turnRate":116,"turnCoordinatorBall":236,"rpm":2749.91908300881}
{"airspeed":88.8671875,"altitude":1280,"pitch":-11.355512151494622,"bank":-0.9751193504780531,"heading":101,"verticalSpeed":352.17766875,"turnRate":117,"turnCoordinatorBall":235,"rpm":2750.0417909312946}
{"airspeed":89.09375,"altitude":1300,"pitch":-10.999743780121207,"bank":-0.9968635998666286,"heading":101,"verticalSpeed":432.917090625,"turnRate":107,"turnCoordinatorBall":236,"rpm":2750.2287376114978}
{"airspeed":89.296875,"altitude":1320,"pitch":-10.45424566604197,"bank":-0.9623609203845263,"heading":101,"verticalSpeed":505.198096875,"turnRate":87,"turnCoordinatorBall":241,"rpm":2750.3133231746874}
{"airspeed":89.5,"altitude":1340,"pitch":-9.838472502306104,"bank":-0.8419989701360464,"heading":101,"verticalSpeed":562.8691125,"turnRate":60,"turnCoordinatorBall":249,"rpm":2750.218090578549}
{"airspeed":89.6953125,"altitude":1360,"pitch":-9.20509365387261,"bank":-0.6142828613519669,"heading":101,"verticalSpeed":603.623296875,"turnRate":31,"turnCoordinatorBall":0,"rpm":2750.0380520473977}
{"airspeed":89.8828125,"altitude":1380,"pitch":-8.61819002777338,"bank":-0.27714595198631287,"heading":101,"verticalSpeed":624.3848624999999,"turnRate":5,"turnCoordinatorBall":4,"rpm":2749.9436269377443}
{"airspeed":90.0625,"altitude":1400,"pitch":-8.075980553403497,"bank":0.14648725278675556,"heading":101,"verticalSpeed":627.46065,"turnRate":-13,"turnCoordinatorBall":7,"rpm":2749.992589005183}
{"airspeed":90.2578125,"altitude":1410,"pitch":-7.548434715718031,"bank":0.6448778137564659,"heading":101,"verticalSpeed":615.926446875,"turnRate":-29,"turnCoordinatorBall":9,"rpm":2750.1435788731756}
{"airspeed":90.453125,"altitude":1430,"pitch":-7.050871197134256,"bank":1.1773661244660616,"heading":101,"verticalSpeed":592.858040625,"turnRate":-38,"turnCoordinatorBall":9,"rpm":2750.2604888347123}
{"airspeed":90.671875,"altitude":1440,"pitch":-6.566492579877377,"bank":1.7463494930416346,"heading":101,"verticalSpeed":559.024378125,"turnRate":-44,"turnCoordinatorBall":8,"rpm":2750.2451003982055}
{"airspeed":90.921875,"altitude":1450,"pitch":-6.088544558733702,"bank":2.3618984408676624,"heading":101,"verticalSpeed":517.501246875,"turnRate":-46,"turnCoordinatorBall":4,"rpm":2750.134687515645}
{"airspeed":91.1875,"altitude":1460,"pitch":-5.624720882624388,"bank":2.998900869861245,"heading":101,"verticalSpeed":469.826540625,"turnRate":-47,"turnCoordinatorBall":0,"rpm":2750.050295181448}
{"airspeed":91.453125,"altitude":1460,"pitch":-5.182323949411511,"bank":3.6317152809351683,"heading":101,"verticalSpeed":418.3071,"turnRate":-49,"turnCoordinatorBall":254,"rpm":2750.0509442763996}
{"airspeed":91.75,"altitude":1470,"pitch":-4.771635420620441,"bank":4.2895180732011795,"heading":101,"verticalSpeed":362.173978125,"turnRate":-51,"turnCoordinatorBall":251,"rpm":2750.1372412499923}
{"airspeed":92.0625,"altitude":1470,"pitch":-4.418707592412829,"bank":4.969592252746224,"heading":101,"verticalSpeed":300.658228125,"turnRate":-55,"turnCoordinatorBall":247,"rpm":2750.2172797567546}
{"airspeed":92.4140625,"altitude":1480,"pitch":-4.159763529896736,"bank":5.679585719481111,"heading":101,"verticalSpeed":235.29774375,"turnRate":-60,"turnCoordinatorBall":243,"rpm":2750.2031816730137}
{"airspeed":92.734375,"altitude":1480,"pitch":-4.053630530834198,"bank":6.355227632448077,"heading":101,"verticalSpeed":173.78199375,"turnRate":-67,"turnCoordinatorBall":239,"rpm":2750.118448648077}
{"airspeed":93.0625,"altitude":1480,"pitch":-4.043614072725177,"bank":7.032577022910118,"heading":100,"verticalSpeed":116.110978125,"turnRate":-74,"turnCoordinatorBall":235,"rpm":2750.0734145868355}
{"airspeed":93.390625,"altitude":1470,"pitch":-4.083638498559594,"bank":7.704408690333366,"heading":100,"verticalSpeed":64.5915375,"turnRate":-83,"turnCoordinatorBall":232,"rpm":2750.1092933284226}
{"airspeed":93.703125,"altitude":1470,"pitch":-4.142439225688577,"bank":8.34592167288065,"heading":100,"verticalSpeed":22.299459375,"turnRate":-94,"turnCoordinatorBall":229,"rpm":2750.1824405275124}
{"airspeed":94.03125,"altitude":1470,"pitch":-4.21671194024384,"bank":9.00067982263863,"heading":100,"verticalSpeed":-13.84104375,"turnRate":-107,"turnCoordinatorBall":226,"rpm":2750.2114249494502}
{"airspeed":94.3515625,"altitude":1470,"pitch":-4.299656488001347,"bank":9.631955400109291,"heading":100,"verticalSpeed":-43.061025,"turnRate":-123,"turnCoordinatorBall":224,"rpm":2750.1700717801573}
{"airspeed":94.6796875,"altitude":1460,"pitch":-4.402899909764528,"bank":10.245296973735094,"heading":100,"verticalSpeed":-66.12943125,"turnRate":-141,"turnCoordinatorBall":222,"rpm":2750.110184347221}
{"airspeed":94.96875,"altitude":1460,"pitch":-4.643390877172351,"bank":10.794906495139003,"heading":99,"verticalSpeed":-81.50836875,"turnRate":-160,"turnCoordinatorBall":222,"rpm":2750.08934021645}
{"airspeed":95.2109375,"altitude":1460,"pitch":-5.125289373099804,"bank":11.295545669272542,"heading":99,"verticalSpeed":-91.504678125,"turnRate":-179,"turnCoordinatorBall":223,"rpm":2750.1091825479434}
{"airspeed":95.4296875,"altitude":1450,"pitch":-5.820947103202343,"bank":11.786552192643285,"heading":99,"verticalSpeed":-91.504678125,"turnRate":-195,"turnCoordinatorBall":226,"rpm":2750.123935208279}
{"airspeed":95.6015625,"altitude":1450,"pitch":-6.629396919161081,"bank":12.258057380095124,"heading":98,"verticalSpeed":-77.663634375,"turnRate":-210,"turnCoordinatorBall":230,"rpm":2750.0960354715653}
{"airspeed":95.765625,"altitude":1450,"pitch":-7.399371787905693,"bank":12.671189652755857,"heading":98,"verticalSpeed":-45.367865625,"turnRate":-223,"turnCoordinatorBall":232,"rpm":2750.04358146526}
{"airspeed":95.953125,"altitude":1460,"pitch":-7.786249928176403,"bank":12.94815237633884,"heading":97,"verticalSpeed":-1.53789375,"turnRate":-237,"turnCoordinatorBall":232,"rpm":2750.0330430852896}
{"airspeed":96.1796875,"altitude":1460,"pitch":-7.8821569215506315,"bank":13.153417222201824,"heading":97,"verticalSpeed":53.82628125,"turnRate":-255,"turnCoordinatorBall":232,"rpm":2750.0848316162633}
{"airspeed":96.3984375,"altitude":1470,"pitch":-7.813262455165386,"bank":13.291286118328571,"heading":97,"verticalSpeed":110.72835,"turnRate":-281,"turnCoordinatorBall":232,"rpm":2750.1519133950273}
{"airspeed":96.6171875,"altitude":1480,"pitch":-7.674633571878076,"bank":13.392178416252136,"heading":96,"verticalSpeed":167.63041875,"turnRate":-310,"turnCoordinatorBall":234,"rpm":2750.15948529572}
{"airspeed":96.8203125,"altitude":1490,"pitch":-7.561096167191863,"bank":13.461011191830039,"heading":96,"verticalSpeed":216.84301875,"turnRate":-340,"turnCoordinatorBall":239,"rpm":2750.0992865006674}
{"airspeed":96.9921875,"altitude":1500,"pitch":-7.600852958858013,"bank":13.490837188437581,"heading":95,"verticalSpeed":259.135096875,"turnRate":-367,"turnCoordinatorBall":246,"rpm":2750.029767553042}
{"airspeed":97.109375,"altitude":1510,"pitch":-7.8930245619267225,"bank":13.48334007896483,"heading":95,"verticalSpeed":295.2756,"turnRate":-387,"turnCoordinatorBall":254,"rpm":2750.006162119966}
{"airspeed":97.1875,"altitude":1520,"pitch":-8.387585766613483,"bank":13.458260921761394,"heading":94,"verticalSpeed":328.340315625,"turnRate":-400,"turnCoordinatorBall":2,"rpm":2750.0190281139944}
{"airspeed":97.234375,"altitude":1530,"pitch":-9.014647509902716,"bank":13.425664957612753,"heading":94,"verticalSpeed":365.249765625,"turnRate":-405,"turnCoordinatorBall":7,"rpm":2750.0391412396616}
{"airspeed":97.25,"altitude":1540,"pitch":-9.681287594139576,"bank":13.390804957598448,"heading":93,"verticalSpeed":408.310790625,"turnRate":-402,"turnCoordinatorBall":10,"rpm":2750.0277951037897}
{"airspeed":97.25,"altitude":1560,"pitch":-10.29826800338924,"bank":13.353602467104793,"heading":93,"verticalSpeed":459.83023125,"turnRate":-396,"turnCoordinatorBall":11,"rpm":2749.9926532036147}
{"airspeed":97.265625,"altitude":1580,"pitch":-10.68680165335536,"bank":13.309606527909636,"heading":92,"verticalSpeed":518.27019375,"turnRate":-388,"turnCoordinatorBall":11,"rpm":2749.970557534605}
{"airspeed":97.296875,"altitude":1600,"pitch":-10.777264013886452,"bank":13.245530314743519,"heading":92,"verticalSpeed":582.86173125,"turnRate":-383,"turnCoordinatorBall":8,"rpm":2749.9985697413304}
{"airspeed":97.3671875,"altitude":1620,"pitch":-10.623492551967502,"bank":13.12863134779036,"heading":92,"verticalSpeed":649.760109375,"turnRate":-383,"turnCoordinatorBall":3,"rpm":2750.0346108071453}
{"airspeed":97.4375,"altitude":1640,"pitch":-10.320973237976432,"bank":12.939312402158976,"heading":91,"verticalSpeed":711.275859375,"turnRate":-388,"turnCoordinatorBall":0,"rpm":2750.053639039099}
{"airspeed":97.5078125,"altitude":1670,"pitch":-9.955845884978771,"bank":12.674336219206452,"heading":91,"verticalSpeed":761.25740625,"turnRate":-397,"turnCoordinatorBall":0,"rpm":2750.043842314681}
{"airspeed":97.5703125,"altitude":1690,"pitch":-9.570507081225514,"bank":12.313230251893401,"heading":90,"verticalSpeed":798.16685625,"turnRate":-407,"turnCoordinatorBall":0,"rpm":2750.018735442699}
{"airspeed":97.6328125,"altitude":1710,"pitch":-9.19098163023591,"bank":11.84936131350696,"heading":90,"verticalSpeed":821.2352625,"turnRate":-416,"turnCoordinatorBall":0,"rpm":2750.0066938418095}
{"airspeed":97.6796875,"altitude":1740,"pitch":-8.827197225764394,"bank":11.280438797548413,"heading":90,"verticalSpeed":831.231571875,"turnRate":-422,"turnCoordinatorBall":2,"rpm":2750.024204215735}
{"airspeed":97.75,"altitude":1760,"pitch":-8.47864843904972,"bank":10.557671478018165,"heading":89,"verticalSpeed":829.693678125,"turnRate":-425,"turnCoordinatorBall":4,"rpm":2750.02652581933}
{"airspeed":97.8359375,"altitude":1780,"pitch":-8.142626155167818,"bank":9.592913584783673,"heading":89,"verticalSpeed":818.159475,"turnRate":-424,"turnCoordinatorBall":7,"rpm":2750.0178128032057}
{"airspeed":97.9296875,"altitude":1800,"pitch":-7.81940370798111,"bank":8.390049543231726,"heading":89,"verticalSpeed":799.70475,"turnRate":-420,"turnCoordinatorBall":10,"rpm":2750.0287541828097}
{"airspeed":98.0390625,"altitude":1820,"pitch":-7.4941628985106945,"bank":6.952183591201901,"heading":88,"verticalSpeed":774.329503125,"turnRate":-412,"turnCoordinatorBall":14,"rpm":2750.0550749316194}
{"airspeed":98.15625,"altitude":1840,"pitch":-7.186319399625063,"bank":5.445465752854943,"heading":88,"verticalSpeed":744.340575,"turnRate":-399,"turnCoordinatorBall":19,"rpm":2750.0715728080977}
{"airspeed":98.2578125,"altitude":1860,"pitch":-6.890121465548873,"bank":3.905501263216138,"heading":88,"verticalSpeed":711.275859375,"turnRate":-381,"turnCoordinatorBall":23,"rpm":2750.0672894376785}
{"airspeed":98.40625,"altitude":1870,"pitch":-6.5923494938761,"bank":2.289296742528677,"heading":88,"verticalSpeed":673.5974625,"turnRate":-356,"turnCoordinatorBall":28,"rpm":2750.0426779377663}
{"airspeed":98.5625,"altitude":1890,"pitch":-6.302202623337507,"bank":0.6657902430742979,"heading":87,"verticalSpeed":633.612225,"turnRate":-326,"turnCoordinatorBall":33,"rpm":2750.017712466414}
{"airspeed":98.734375,"altitude":1900,"pitch":-6.023936094716191,"bank":-0.9186593536287546,"heading":87,"verticalSpeed":592.858040625,"turnRate":-290,"turnCoordinatorBall":37,"rpm":2750.0476975611464}
{"airspeed":98.9140625,"altitude":1910,"pitch":-5.749447792768478,"bank":-2.487067496404052,"heading":87,"verticalSpeed":550.5659625,"turnRate":-250,"turnCoordinatorBall":41,"rpm":2750.103883524896}
{"airspeed":99.09375,"altitude":1920,"pitch":-5.491267489269376,"bank":-3.942685481160879,"heading":87,"verticalSpeed":509.811778125,"turnRate":-209,"turnCoordinatorBall":44,"rpm":2750.1278685012203}
{"airspeed":99.2890625,"altitude":1930,"pitch":-5.2250732481479645,"bank":-5.419466765597463,"heading":87,"verticalSpeed":466.750753125,"turnRate":-163,"turnCoordinatorBall":47,"rpm":2750.103728218059}
{"airspeed":99.5078125,"altitude":1940,"pitch":-4.940286437049508,"bank":-6.897239126265049,"heading":87,"verticalSpeed":419.84499375,"turnRate":-114,"turnCoordinatorBall":50,"rpm":2750.0640318707538}
{"airspeed":99.7421875,"altitude":1950,"pitch":-4.655190082266927,"bank":-8.084972742944956,"heading":87,"verticalSpeed":372.1702875,"turnRate":-63,"turnCoordinatorBall":52,"rpm":2750.053973148101}
{"airspeed":99.9921875,"altitude":1960,"pitch":-4.397285962477326,"bank":-8.83643458597362,"heading":87,"verticalSpeed":323.726634375,"turnRate":-11,"turnCoordinatorBall":52,"rpm":2750.0991710850767}
{"airspeed":100.2421875,"altitude":1960,"pitch":-4.240771774202585,"bank":-9.224001383408904,"heading":88,"verticalSpeed":275.28298125,"turnRate":43,"turnCoordinatorBall":48,"rpm":2750.1492042225814}
{"airspeed":100.484375,"altitude":1960,"pitch":-4.192202668637037,"bank":-9.3730094935745,"heading":88,"verticalSpeed":229.14616875,"turnRate":96,"turnCoordinatorBall":40,"rpm":2750.1498570524254}
{"airspeed":100.7421875,"altitude":1960,"pitch":-4.202224742621183,"bank":-9.404958626255393,"heading":88,"verticalSpeed":185.316196875,"turnRate":147,"turnCoordinatorBall":30,"rpm":2750.107009853534}
{"airspeed":100.9921875,"altitude":1970,"pitch":-4.256168659776449,"bank":-9.38376422971487,"heading":89,"verticalSpeed":147.6378,"turnRate":193,"turnCoordinatorBall":19,"rpm":2750.071956540528}
{"airspeed":101.21875,"altitude":1970,"pitch":-4.565638583153486,"bank":-9.34628689661622,"heading":89,"verticalSpeed":116.110978125,"turnRate":231,"turnCoordinatorBall":7,"rpm":2750.0725420333074}
{"airspeed":101.375,"altitude":1970,"pitch":-5.4001950938254595,"bank":-9.31395722553134,"heading":90,"verticalSpeed":93.81151875,"turnRate":264,"turnCoordinatorBall":253,"rpm":2750.0837042161743}
{"airspeed":101.421875,"altitude":1970,"pitch":-6.525058904662728,"bank":-9.30056151933968,"heading":90,"verticalSpeed":89.1978375,"turnRate":294,"turnCoordinatorBall":244,"rpm":2750.0549553063265}
{"airspeed":101.3515625,"altitude":1970,"pitch":-8.20388269610703,"bank":-9.314585281535983,"heading":91,"verticalSpeed":109.959403125,"turnRate":323,"turnCoordinatorBall":232,"rpm":2749.9707174743685}
{"airspeed":101.2265625,"altitude":1980,"pitch":-9.793762089684606,"bank":-9.39771599136293,"heading":92,"verticalSpeed":163.0167375,"turnRate":352,"turnCoordinatorBall":219,"rpm":2749.872779342644}
{"airspeed":101.21875,"altitude":1990,"pitch":-10.568167213350534,"bank":-9.607841335237026,"heading":92,"verticalSpeed":253.75246875,"turnRate":372,"turnCoordinatorBall":212,"rpm":2749.888460942137}
{"airspeed":101.34375,"altitude":2010,"pitch":-10.559282815083861,"bank":-10.036829570308328,"heading":93,"verticalSpeed":372.1702875,"turnRate":375,"turnCoordinatorBall":213,"rpm":2750.0485251953587}
{"airspeed":101.4765625,"altitude":2030,"pitch":-10.165460100397468,"bank":-10.75408780016005,"heading":93,"verticalSpeed":490.58810625,"turnRate":356,"turnCoordinatorBall":226,"rpm":2750.2036920791593}
{"airspeed":101.5859375,"altitude":2060,"pitch":-9.6321811247617,"bank":-11.855824096128345,"heading":93,"verticalSpeed":599.009615625,"turnRate":324,"turnCoordinatorBall":249,"rpm":2750.172914668367}
{"airspeed":101.65625,"altitude":2080,"pitch":-9.108324414119124,"bank":-13.162974519655108,"heading":93,"verticalSpeed":682.824825,"turnRate":287,"turnCoordinatorBall":9,"rpm":2750.0056018260475}
{"airspeed":101.7109375,"altitude":2110,"pitch":-8.595156893134117,"bank":-14.640783928334713,"heading":93,"verticalSpeed":745.109521875,"turnRate":254,"turnCoordinatorBall":24,"rpm":2749.879569373992}
{"airspeed":101.734375,"altitude":2130,"pitch":-8.182317232713103,"bank":-16.10643345862627,"heading":93,"verticalSpeed":779.71213125,"turnRate":230,"turnCoordinatorBall":39,"rpm":2749.922483998677}
{"airspeed":101.7578125,"altitude":2150,"pitch":-7.995956344529986,"bank":-17.609929209575057,"heading":93,"verticalSpeed":791.246334375,"turnRate":222,"turnCoordinatorBall":50,"rpm":2750.04923460831}
{"airspeed":101.7734375,"altitude":2170,"pitch":-8.062366330996156,"bank":-19.01798819191754,"heading":93,"verticalSpeed":785.094759375,"turnRate":233,"turnCoordinatorBall":58,"rpm":2750.096311382156}
{"airspeed":101.7734375,"altitude":2190,"pitch":-8.334008054807782,"bank":-20.41952253319323,"heading":94,"verticalSpeed":768.177928125,"turnRate":260,"turnCoordinatorBall":61,"rpm":2750.029647360895}
{"airspeed":101.7421875,"altitude":2210,"pitch":-8.870032774284482,"bank":-21.74243244342506,"heading":94,"verticalSpeed":748.95425625,"turnRate":301,"turnCoordinatorBall":56,"rpm":2749.930522044522}
{"airspeed":101.6484375,"altitude":2230,"pitch":-9.7084931563586,"bank":-22.97600450925529,"heading":95,"verticalSpeed":733.57531875,"turnRate":354,"turnCoordinatorBall":40,"rpm":2749.8900028666894}
{"airspeed":101.4765625,"altitude":2250,"pitch":-10.879988428205252,"bank":-24.12403715774417,"heading":97,"verticalSpeed":730.49953125,"turnRate":415,"turnCoordinatorBall":13,"rpm":2749.9117977487804}
{"airspeed":101.15625,"altitude":2270,"pitch":-12.363592581823468,"bank":-25.33322081901133,"heading":98,"verticalSpeed":748.95425625,"turnRate":482,"turnCoordinatorBall":245,"rpm":2749.914489335264}
{"airspeed":100.796875,"altitude":2300,"pitch":-13.880489654839039,"bank":-26.56319017522037,"heading":100,"verticalSpeed":793.553175,"turnRate":554,"turnCoordinatorBall":223,"rpm":2749.8235463914334}
{"airspeed":100.375,"altitude":2320,"pitch":-15.380716798827052,"bank":-27.88679008372128,"heading":102,"verticalSpeed":867.372075,"turnRate":623,"turnCoordinatorBall":204,"rpm":2749.7377847953276}
{"airspeed":99.9375,"altitude":2360,"pitch":-16.70439038425684,"bank":-29.25770482979715,"heading":103,"verticalSpeed":969.642009375,"turnRate":687,"turnCoordinatorBall":187,"rpm":2749.7350774055913}
{"airspeed":99.5078125,"altitude":2390,"pitch":-17.76600670069456,"bank":-30.54724294692278,"heading":105,"verticalSpeed":1097.287190625,"turnRate":742,"turnCoordinatorBall":184,"rpm":2749.813706186824}
{"airspeed":99.125,"altitude":2440,"pitch":-18.55756756849587,"bank":-31.605812860652804,"heading":107,"verticalSpeed":1228.77710625,"turnRate":789,"turnCoordinatorBall":182,"rpm":2749.8904974977268}
{"airspeed":98.6484375,"altitude":2480,"pitch":-19.29812053218484,"bank":-32.65595141798258,"heading":109,"verticalSpeed":1378.721746875,"turnRate":827,"turnCoordinatorBall":180,"rpm":2749.8857211759423}
{"airspeed":98.1953125,"altitude":2530,"pitch":-19.93857203051448,"bank":-33.585422253236175,"heading":110,"verticalSpeed":1521.745865625,"turnRate":857,"turnCoordinatorBall":179,"rpm":2749.7555398041727}
{"airspeed":97.71875,"altitude":2590,"pitch":-20.53728248924017,"bank":-34.44859148003161,"heading":112,"verticalSpeed":1659.38735625,"turnRate":881,"turnCoordinatorBall":178,"rpm":2749.6540745151697}
{"airspeed":97.1953125,"altitude":2650,"pitch":-21.061197286471725,"bank":-35.22401601076126,"heading":113,"verticalSpeed":1793.953059375,"turnRate":898,"turnCoordinatorBall":177,"rpm":2749.6938345962367}
{"airspeed":96.75,"altitude":2700,"pitch":-21.202252646908164,"bank":-35.70441632531583,"heading":115,"verticalSpeed":1914.67771875,"turnRate":909,"turnCoordinatorBall":180,"rpm":2749.8179931130217}
{"airspeed":96.4140625,"altitude":2760,"pitch":-20.88869746774435,"bank":-35.91764087788761,"heading":115,"verticalSpeed":2022.33028125,"turnRate":912,"turnCoordinatorBall":186,"rpm":2749.9392381228563}
{"airspeed":96.0078125,"altitude":2830,"pitch":-20.199323063716292,"bank":-35.95558013767004,"heading":116,"verticalSpeed":2119.2175875,"turnRate":903,"turnCoordinatorBall":232,"rpm":2749.957855938617}
{"airspeed":95.6640625,"altitude":2900,"pitch":-19.398650731891394,"bank":-35.89910429902375,"heading":116,"verticalSpeed":2181.502284375,"turnRate":887,"turnCoordinatorBall":9,"rpm":2749.8083088193725}
{"airspeed":95.328125,"altitude":2960,"pitch":-18.569332575425506,"bank":-35.80125228501856,"heading":117,"verticalSpeed":2213.798053125,"turnRate":866,"turnCoordinatorBall":32,"rpm":2749.662095341229}
{"airspeed":94.9765625,"altitude":3020,"pitch":-17.715072222054005,"bank":-35.61222318559885,"heading":117,"verticalSpeed":2215.335946875,"turnRate":849,"turnCoordinatorBall":52,"rpm":2749.735222070951}
{"airspeed":94.6640625,"altitude":3080,"pitch":-16.93531734868884,"bank":-35.29956042766571,"heading":118,"verticalSpeed":2189.9607,"turnRate":840,"turnCoordinatorBall":70,"rpm":2749.934012747642}
{"airspeed":94.359375,"altitude":3130,"pitch":-16.095943422988057,"bank":-34.7740098182112,"heading":118,"verticalSpeed":2139.21020625,"turnRate":840,"turnCoordinatorBall":73,"rpm":2750.0331901669356}
{"airspeed":94.046875,"altitude":3190,"pitch":-15.245082853361964,"bank":-34.073201240971684,"heading":118,"verticalSpeed":2066.160253125,"turnRate":848,"turnCoordinatorBall":77,"rpm":2749.964826037208}
{"airspeed":93.84375,"altitude":3230,"pitch":-14.42054757848382,"bank":-33.206188241019845,"heading":119,"verticalSpeed":1980.0382031249999,"turnRate":863,"turnCoordinatorBall":79,"rpm":2749.785018196248}
{"airspeed":93.671875,"altitude":3280,"pitch":-13.5635407269001,"bank":-32.15809159912169,"heading":120,"verticalSpeed":1879.3061625,"turnRate":882,"turnCoordinatorBall":81,"rpm":2749.7123706881002}
{"airspeed":93.546875,"altitude":3320,"pitch":-12.702806191518903,"bank":-30.9552816208452,"heading":120,"verticalSpeed":1769.346759375,"turnRate":900,"turnCoordinatorBall":82,"rpm":2749.8895496197315}
{"airspeed":93.4765625,"altitude":3360,"pitch":-11.881906315684319,"bank":-29.59993550553918,"heading":121,"verticalSpeed":1658.618409375,"turnRate":916,"turnCoordinatorBall":83,"rpm":2750.1289150391035}
{"airspeed":93.4453125,"altitude":3400,"pitch":-11.036779638379812,"bank":-27.85820913501084,"heading":122,"verticalSpeed":1540.9695375,"turnRate":929,"turnCoordinatorBall":82,"rpm":2750.1697260943643}
{"airspeed":93.4296875,"altitude":3430,"pitch":-10.232367804273963,"bank":-25.915383975952864,"heading":122,"verticalSpeed":1424.858559375,"turnRate":937,"turnCoordinatorBall":81,"rpm":2750.009325763427}
{"airspeed":93.4765625,"altitude":3460,"pitch":-9.441958693787456,"bank":-23.8885185867548,"heading":123,"verticalSpeed":1308.74758125,"turnRate":938,"turnCoordinatorBall":79,"rpm":2749.8512993019062}
{"airspeed":93.5625,"altitude":3480,"pitch":-8.692201981320977,"bank":-21.872135940939188,"heading":123,"verticalSpeed":1195.712390625,"turnRate":930,"turnCoordinatorBall":77,"rpm":2749.8592022812995}
{"airspeed":93.6796875,"altitude":3500,"pitch":-7.975087584927678,"bank":-19.83958963304758,"heading":124,"verticalSpeed":1084.21509375,"turnRate":911,"turnCoordinatorBall":74,"rpm":2750.065301092631}
{"airspeed":93.8203125,"altitude":3520,"pitch":-7.301809368655086,"bank":-17.819761857390404,"heading":125,"verticalSpeed":976.56253125,"turnRate":884,"turnCoordinatorBall":71,"rpm":2750.2406379174668}
{"airspeed":93.9921875,"altitude":3540,"pitch":-6.675808019936085,"bank":-15.829225732013583,"heading":125,"verticalSpeed":874.292596875,"turnRate":849,"turnCoordinatorBall":65,"rpm":2750.2109619584758}
{"airspeed":94.1875,"altitude":3550,"pitch":-6.086535584181547,"bank":-13.844111943617463,"heading":126,"verticalSpeed":775.09845,"turnRate":808,"turnCoordinatorBall":52,"rpm":2750.0473130432033}
{"airspeed":94.3984375,"altitude":3570,"pitch":-5.523094497621059,"bank":-11.835852954536676,"heading":126,"verticalSpeed":678.980090625,"turnRate":760,"turnCoordinatorBall":40,"rpm":2749.9452517847403}
{"airspeed":94.640625,"altitude":3580,"pitch":-4.992323890328407,"bank":-9.839462488889694,"heading":126,"verticalSpeed":586.706465625,"turnRate":709,"turnCoordinatorBall":28,"rpm":2750.001663159538}
{"airspeed":94.921875,"altitude":3580,"pitch":-4.476168639957905,"bank":-7.797209769487381,"heading":127,"verticalSpeed":495.2017875,"turnRate":655,"turnCoordinatorBall":17,"rpm":2750.1668136744693}
{"airspeed":95.203125,"altitude":3590,"pitch":-4.003264680504799,"bank":-5.8380186930298805,"heading":127,"verticalSpeed":411.38657812499997,"turnRate":597,"turnCoordinatorBall":6,"rpm":2750.271154204952}
{"airspeed":95.5078125,"altitude":3590,"pitch":-3.553462168201804,"bank":-3.8978091906756163,"heading":127,"verticalSpeed":329.878209375,"turnRate":540,"turnCoordinatorBall":255,"rpm":2750.215445537649}
{"airspeed":95.84375,"altitude":3590,"pitch":-3.1000795774161816,"bank":-1.8703482672572136,"heading":128,"verticalSpeed":247.60089375,"turnRate":479,"turnCoordinatorBall":250,"rpm":2750.086458202337}
{"airspeed":96.203125,"altitude":3590,"pitch":-2.656641025096178,"bank":0.17644492909312248,"heading":128,"verticalSpeed":166.861471875,"turnRate":417,"turnCoordinatorBall":244,"rpm":2750.044822212081}
{"airspeed":96.578125,"altitude":3590,"pitch":-2.2385083604604006,"bank":2.1545132249593735,"heading":128,"verticalSpeed":89.966784375,"turnRate":357,"turnCoordinatorBall":239,"rpm":2750.1304228189715}
{"airspeed":96.96875,"altitude":3580,"pitch":-1.824873425066471,"bank":4.03746142052114,"heading":128,"verticalSpeed":13.84104375,"turnRate":295,"turnCoordinatorBall":233,"rpm":2750.2488557170705}
{"airspeed":97.375,"altitude":3580,"pitch":-1.4225072041153908,"bank":5.1608210150152445,"heading":128,"verticalSpeed":-59.208909375,"turnRate":231,"turnCoordinatorBall":229,"rpm":2750.2761164819995}
{"airspeed":97.796875,"altitude":3570,"pitch":-1.0219702497124672,"bank":5.5588627606630325,"heading":128,"verticalSpeed":-131.489915625,"turnRate":162,"turnCoordinatorBall":228,"rpm":2750.2041693050314}
{"airspeed":98.2421875,"altitude":3560,"pitch":-0.6213428545743227,"bank":5.67500090226531,"heading":128,"verticalSpeed":-203.001975,"turnRate":92,"turnCoordinatorBall":231,"rpm":2750.130518639962}
{"airspeed":98.71875,"altitude":3550,"pitch":-0.2132346946746111,"bank":5.689145196229219,"heading":127,"verticalSpeed":-274.514034375,"turnRate":26,"turnCoordinatorBall":237,"rpm":2750.141788238682}
{"airspeed":99.2109375,"altitude":3530,"pitch":0.3137381561100483,"bank":5.6634328700602055,"heading":127,"verticalSpeed":-343.719253125,"turnRate":-32,"turnCoordinatorBall":244,"rpm":2750.234240003816}
{"airspeed":99.78125,"altitude":3520,"pitch":1.2389915529638529,"bank":5.6224028673022985,"heading":127,"verticalSpeed":-416.76920625,"turnRate":-83,"turnCoordinatorBall":250,"rpm":2750.3159655757236}
{"airspeed":100.3359375,"altitude":3500,"pitch":2.1726452093571424,"bank":5.582320522516966,"heading":127,"verticalSpeed":-491.357053125,"turnRate":-129,"turnCoordinatorBall":0,"rpm":2750.312686199214}
{"airspeed":100.9296875,"altitude":3480,"pitch":2.89064297452569,"bank":5.54484436288476,"heading":127,"verticalSpeed":-579.016996875,"turnRate":-161,"turnCoordinatorBall":1,"rpm":2750.2415055377323}
{"airspeed":101.5546875,"altitude":3450,"pitch":3.3236097637563944,"bank":5.510691879317164,"heading":126,"verticalSpeed":-677.442196875,"turnRate":-181,"turnCoordinatorBall":3,"rpm":2750.197532809345}
{"airspeed":102.15625,"altitude":3420,"pitch":3.097631223499775,"bank":5.4800088331103325,"heading":126,"verticalSpeed":-776.63634375,"turnRate":-186,"turnCoordinatorBall":5,"rpm":2750.2223381930444}
{"airspeed":102.625,"altitude":3390,"pitch":1.9843938667327166,"bank":5.450577372685075,"heading":126,"verticalSpeed":-867.372075,"turnRate":-176,"turnCoordinatorBall":6,"rpm":2750.276314160066}
{"airspeed":102.9296875,"altitude":3360,"pitch":0.03311321139335632,"bank":5.422464637085795,"heading":126,"verticalSpeed":-935.0394,"turnRate":-150,"turnCoordinatorBall":6,"rpm":2750.2321039539856}
{"airspeed":103.03125,"altitude":3330,"pitch":-2.507371734827757,"bank":5.394182167947292,"heading":125,"verticalSpeed":-958.10780625,"turnRate":-112,"turnCoordinatorBall":3,"rpm":2750.041723362666}
{"airspeed":102.9609375,"altitude":3310,"pitch":-5.1294894609600306,"bank":5.3620692528784275,"heading":125,"verticalSpeed":-922.73625,"turnRate":-66,"turnCoordinatorBall":255,"rpm":2749.832461968258}
{"airspeed":102.7578125,"altitude":3300,"pitch":-7.836275137960911,"bank":5.315345088019967,"heading":125,"verticalSpeed":-822.7731562499999,"turnRate":-20,"turnCoordinatorBall":250,"rpm":2749.7669634545077}
{"airspeed":102.5546875,"altitude":3290,"pitch":-10.24949018843472,"bank":5.245043803006411,"heading":125,"verticalSpeed":-662.83220625,"turnRate":28,"turnCoordinatorBall":243,"rpm":2749.8513678170953}
{"airspeed":102.5703125,"altitude":3290,"pitch":-11.63645745255053,"bank":5.13061473146081,"heading":125,"verticalSpeed":-437.53077187499997,"turnRate":65,"turnCoordinatorBall":235,"rpm":2750.0291156809026}
{"airspeed":102.8046875,"altitude":3300,"pitch":-11.816625874489546,"bank":4.992064805701375,"heading":125,"verticalSpeed":-194.543559375,"turnRate":78,"turnCoordinatorBall":227,"rpm":2750.24316839337}
{"airspeed":103.0390625,"altitude":3320,"pitch":-11.436582254245877,"bank":4.856168758124113,"heading":125,"verticalSpeed":51.519440625,"turnRate":60,"turnCoordinatorBall":224,"rpm":2750.309108821559}
{"airspeed":103.21875,"altitude":3350,"pitch":-10.817398242652416,"bank":4.867647355422378,"heading":125,"verticalSpeed":286.817184375,"turnRate":14,"turnCoordinatorBall":229,"rpm":2750.1292806944875}
{"airspeed":103.3125,"altitude":3370,"pitch":-10.186159880831838,"bank":5.34493756480515,"heading":125,"verticalSpeed":480.591796875,"turnRate":-46,"turnCoordinatorBall":240,"rpm":2749.8941244863568}
{"airspeed":103.359375,"altitude":3400,"pitch":-9.589092023670673,"bank":6.61784028634429,"heading":125,"verticalSpeed":635.15011875,"turnRate":-104,"turnCoordinatorBall":251,"rpm":2749.8295897383123}
{"airspeed":103.359375,"altitude":3430,"pitch":-9.063170850276947,"bank":8.455956783145666,"heading":125,"verticalSpeed":745.109521875,"turnRate":-154,"turnCoordinatorBall":0,"rpm":2749.9685949728228}
{"airspeed":103.3671875,"altitude":3450,"pitch":-8.592908950522542,"bank":10.47583132982254,"heading":124,"verticalSpeed":818.159475,"turnRate":-190,"turnCoordinatorBall":0,"rpm":2750.1103645093094}
{"airspeed":103.3828125,"altitude":3480,"pitch":-8.15057479776442,"bank":12.539988476783037,"heading":124,"verticalSpeed":860.451553125,"turnRate":-217,"turnCoordinatorBall":252,"rpm":2750.1154605338156}
{"airspeed":103.40625,"altitude":3500,"pitch":-7.740895785391331,"bank":14.547006441280246,"heading":124,"verticalSpeed":875.0615437499999,"turnRate":-238,"turnCoordinatorBall":246,"rpm":2749.9958297746844}
{"airspeed":103.4375,"altitude":3530,"pitch":-7.333784066140652,"bank":16.59536420367658,"heading":124,"verticalSpeed":867.372075,"turnRate":-256,"turnCoordinatorBall":238,"rpm":2749.9076270371934}
{"airspeed":103.4921875,"altitude":3550,"pitch":-6.947619644924998,"bank":18.54883044026792,"heading":123,"verticalSpeed":842.765775,"turnRate":-273,"turnCoordinatorBall":229,"rpm":2749.9509374977374}
{"airspeed":103.5390625,"altitude":3570,"pitch":-6.558617362752557,"bank":20.49049395136535,"heading":123,"verticalSpeed":803.549484375,"turnRate":-293,"turnCoordinatorBall":219,"rpm":2750.0763741555775}
{"airspeed":103.6328125,"altitude":3580,"pitch":-6.14305199123919,"bank":22.391478158533573,"heading":123,"verticalSpeed":752.03004375,"turnRate":-317,"turnCoordinatorBall":209,"rpm":2750.1181355064305}
{"airspeed":103.7578125,"altitude":3600,"pitch":-5.621161926537752,"bank":23.916884120553732,"heading":123,"verticalSpeed":691.283240625,"turnRate":-350,"turnCoordinatorBall":198,"rpm":2750.058878030704}
{"airspeed":103.9375,"altitude":3610,"pitch":-4.916633879765868,"bank":25.02278815023601,"heading":122,"verticalSpeed":619.002234375,"turnRate":-391,"turnCoordinatorBall":188,"rpm":2750.0069699882642}
{"airspeed":104.1328125,"altitude":3620,"pitch":-4.180625919252634,"bank":25.707182781770825,"heading":122,"verticalSpeed":539.80070625,"turnRate":-442,"turnCoordinatorBall":186,"rpm":2750.0403498326086}
{"airspeed":104.375,"altitude":3630,"pitch":-3.4985387418419123,"bank":26.039118133485317,"heading":122,"verticalSpeed":446.758134375,"turnRate":-497,"turnCoordinatorBall":185,"rpm":2750.1532359628436}
{"airspeed":104.625,"altitude":3630,"pitch":-2.9014707170426846,"bank":26.107067205011845,"heading":121,"verticalSpeed":347.5639875,"turnRate":-550,"turnCoordinatorBall":184,"rpm":2750.2573856724757}
{"airspeed":104.921875,"altitude":3630,"pitch":-2.3479331843554974,"bank":26.0653586871922,"heading":121,"verticalSpeed":243.756159375,"turnRate":-596,"turnCoordinatorBall":184,"rpm":2750.2543701093964}
{"airspeed":105.2734375,"altitude":3620,"pitch":-1.785118980333209,"bank":25.968857752159238,"heading":120,"verticalSpeed":132.2588625,"turnRate":-635,"turnCoordinatorBall":185,"rpm":2750.1715666659275}
{"airspeed":105.6171875,"altitude":3620,"pitch":-1.266063004732132,"bank":25.855817394331098,"heading":119,"verticalSpeed":27.6820875,"turnRate":-666,"turnCoordinatorBall":185,"rpm":2750.137784239946}
{"airspeed":105.9921875,"altitude":3610,"pitch":-0.7498324010521173,"bank":25.731927417218685,"heading":119,"verticalSpeed":-75.35679375,"turnRate":-685,"turnCoordinatorBall":185,"rpm":2750.204708120599}
{"airspeed":106.390625,"altitude":3600,"pitch":-0.23754254914820194,"bank":25.60243472456932,"heading":118,"verticalSpeed":-177.626728125,"turnRate":-698,"turnCoordinatorBall":185,"rpm":2750.3012447109936}
{"airspeed":106.828125,"altitude":3580,"pitch":0.2857467904686928,"bank":25.465398905798793,"heading":118,"verticalSpeed":-280.665609375,"turnRate":-704,"turnCoordinatorBall":185,"rpm":2750.331955668467}
{"airspeed":107.2734375,"altitude":3560,"pitch":0.7841381896287203,"bank":25.330845303833485,"heading":117,"verticalSpeed":-378.3218625,"turnRate":-705,"turnCoordinatorBall":184,"rpm":2750.282663178588}
{"airspeed":107.734375,"altitude":3550,"pitch":1.263936934992671,"bank":25.19741135649383,"heading":117,"verticalSpeed":-471.364434375,"turnRate":-703,"turnCoordinatorBall":184,"rpm":2750.2416069752167}
{"airspeed":108.21875,"altitude":3520,"pitch":1.7536064609885216,"bank":25.01553688198328,"heading":116,"verticalSpeed":-565.9449,"turnRate":-699,"turnCoordinatorBall":184,"rpm":2750.256320603841}
{"airspeed":108.7265625,"altitude":3500,"pitch":2.2452550381422043,"bank":24.678711611777544,"heading":116,"verticalSpeed":-661.2943125,"turnRate":-694,"turnCoordinatorBall":184,"rpm":2750.3215279827455}
{"airspeed":109.2734375,"altitude":3470,"pitch":2.737958813086152,"bank":24.14354084059596,"heading":115,"verticalSpeed":-755.10583125,"turnRate":-691,"turnCoordinatorBall":184,"rpm":2750.3642851122595}
{"airspeed":109.8125,"altitude":3440,"pitch":3.210504613816738,"bank":23.280355017632246,"heading":115,"verticalSpeed":-845.072615625,"turnRate":-689,"turnCoordinatorBall":184,"rpm":2750.354702274919}
{"airspeed":110.3984375,"altitude":3410,"pitch":3.6788623966276646,"bank":21.842384794726968,"heading":114,"verticalSpeed":-932.7325593749999,"turnRate":-691,"turnCoordinatorBall":186,"rpm":2750.3196035644723}
{"airspeed":110.96875,"altitude":3380,"pitch":4.133433708921075,"bank":19.945252491161227,"heading":114,"verticalSpeed":-1016.54776875,"turnRate":-695,"turnCoordinatorBall":190,"rpm":2750.3486418977527}
{"airspeed":111.5546875,"altitude":3340,"pitch":4.579932577908039,"bank":17.755101760849357,"heading":113,"verticalSpeed":-1098.825084375,"turnRate":-697,"turnCoordinatorBall":206,"rpm":2750.3924278595227}
{"airspeed":112.1328125,"altitude":3310,"pitch":4.982530390843749,"bank":15.578167950734496,"heading":113,"verticalSpeed":-1174.950825,"turnRate":-694,"turnCoordinatorBall":223,"rpm":2750.397228881577}
{"airspeed":112.75,"altitude":3270,"pitch":5.367757296189666,"bank":13.388108583167195,"heading":112,"verticalSpeed":-1250.30761875,"turnRate":-681,"turnCoordinatorBall":240,"rpm":2750.366549563149}
{"airspeed":113.328125,"altitude":3230,"pitch":5.703248921781778,"bank":11.484347535297275,"heading":112,"verticalSpeed":-1318.743890625,"turnRate":-656,"turnCoordinatorBall":255,"rpm":2750.33795163941}
{"airspeed":113.9921875,"altitude":3190,"pitch":6.023037135601044,"bank":9.715910302475095,"heading":111,"verticalSpeed":-1387.1801625,"turnRate":-620,"turnCoordinatorBall":4,"rpm":2750.3371616836316}
{"airspeed":114.5859375,"altitude":3150,"pitch":6.308699520304799,"bank":8.13181534409523,"heading":111,"verticalSpeed":-1451.002753125,"turnRate":-574,"turnCoordinatorBall":8,"rpm":2750.40305235}
{"airspeed":115.2421875,"altitude":3100,"pitch":6.600409196689725,"bank":6.474138926714659,"heading":111,"verticalSpeed":-1517.132184375,"turnRate":-519,"turnCoordinatorBall":11,"rpm":2750.466305927341}
{"airspeed":115.890625,"altitude":3050,"pitch":6.868077060207725,"bank":4.949604598805308,"heading":110,"verticalSpeed":-1579.41688125,"turnRate":-463,"turnCoordinatorBall":13,"rpm":2750.4258535057597}
{"airspeed":116.546875,"altitude":3010,"pitch":7.126430282369256,"bank":3.6185695230960846,"heading":110,"verticalSpeed":-1640.93263125,"turnRate":-406,"turnCoordinatorBall":14,"rpm":2750.337075487287}
{"airspeed":117.21875,"altitude":2960,"pitch":7.376715335994959,"bank":2.435541758313775,"heading":110,"verticalSpeed":-1700.141540625,"turnRate":-349,"turnCoordinatorBall":14,"rpm":2750.307449448767}
{"airspeed":117.9609375,"altitude":2900,"pitch":7.626327993348241,"bank":1.2988999485969543,"heading":110,"verticalSpeed":-1760.119396875,"turnRate":-293,"turnCoordinatorBall":14,"rpm":2750.3687795696187}
{"airspeed":118.625,"altitude":2850,"pitch":7.860382329672575,"bank":0.250391336157918,"heading":110,"verticalSpeed":-1816.25251875,"turnRate":-244,"turnCoordinatorBall":14,"rpm":2750.4597429659048}
{"airspeed":119.3046875,"altitude":2800,"pitch":8.09249005280435,"bank":-0.6813519168645144,"heading":110,"verticalSpeed":-1872.385640625,"turnRate":-199,"turnCoordinatorBall":14,"rpm":2750.518561643682}
{"airspeed":120.015625,"altitude":2740,"pitch":8.331270106136799,"bank":-1.427880423143506,"heading":110,"verticalSpeed":-1930.05665625,"turnRate":-156,"turnCoordinatorBall":13,"rpm":2750.4302114165134}
